\BOOKMARK [0][-]{chapter*.1}{\376\377\000C\000o\000n\000t\000e\000n\000t\000s}{}% 1
\BOOKMARK [0][-]{chapter*.2}{\376\377\000L\000i\000s\000t\000\040\000o\000f\000\040\000F\000i\000g\000u\000r\000e\000s}{}% 2
\BOOKMARK [0][-]{chapter*.3}{\376\377\000L\000i\000s\000t\000\040\000o\000f\000\040\000T\000a\000b\000l\000e\000s}{}% 3
\BOOKMARK [0][-]{chapter.1}{\376\377\000I\000n\000t\000r\000o\000d\000u\000c\000t\000i\000o\000n\000\040\000t\000o\000\040\000P\000y\000t\000h\000o\000n}{}% 4
\BOOKMARK [1][-]{section.1.1}{\376\377\000I\000n\000t\000r\000o\000d\000u\000c\000t\000i\000o\000n}{chapter.1}% 5
\BOOKMARK [2][-]{subsection.1.1.1}{\376\377\000H\000i\000s\000t\000o\000r\000y\000\040\000o\000f\000\040\000P\000y\000t\000h\000o\000n}{section.1.1}% 6
\BOOKMARK [2][-]{subsection.1.1.2}{\376\377\000W\000h\000a\000t\000\040\000i\000s\000\040\000P\000r\000o\000g\000r\000a\000m\000m\000i\000n\000g\000\040\000L\000a\000n\000g\000u\000a\000g\000e\000?}{section.1.1}% 7
\BOOKMARK [1][-]{section.1.2}{\376\377\000E\000n\000v\000i\000r\000o\000n\000m\000e\000n\000t\000\040\000S\000e\000t\000u\000p}{chapter.1}% 8
\BOOKMARK [2][-]{subsection.1.2.1}{\376\377\000H\000o\000w\000\040\000t\000o\000\040\000D\000o\000w\000n\000l\000o\000a\000d\000\040\000a\000n\000d\000\040\000I\000n\000s\000t\000a\000l\000l\000\040\000P\000y\000t\000h\000o\000n\000\040\000o\000n\000\040\000W\000i\000n\000d\000o\000w\000s}{section.1.2}% 9
\BOOKMARK [2][-]{subsection.1.2.2}{\376\377\000H\000o\000w\000\040\000t\000o\000\040\000D\000o\000w\000n\000l\000o\000a\000d\000\040\000P\000y\000C\000h\000a\000r\000m\000\040\000I\000D\000E\000\040\000o\000n\000\040\000W\000i\000n\000d\000o\000w\000s}{section.1.2}% 10
\BOOKMARK [1][-]{section.1.3}{\376\377\000F\000i\000r\000s\000t\000\040\000P\000y\000t\000h\000o\000n\000\040\000P\000r\000o\000g\000r\000a\000m}{chapter.1}% 11
\BOOKMARK [1][-]{section.1.4}{\376\377\000B\000a\000s\000i\000c\000\040\000S\000y\000n\000t\000a\000x}{chapter.1}% 12
\BOOKMARK [2][-]{subsection.1.4.1}{\376\377\000V\000a\000r\000i\000a\000b\000l\000e\000s}{section.1.4}% 13
\BOOKMARK [2][-]{subsection.1.4.2}{\376\377\000P\000y\000t\000h\000o\000n\000\040\000I\000d\000e\000n\000t\000i\000f\000i\000e\000r\000s}{section.1.4}% 14
\BOOKMARK [2][-]{subsection.1.4.3}{\376\377\000R\000e\000s\000e\000r\000v\000e\000d\000\040\000W\000o\000r\000d\000s}{section.1.4}% 15
\BOOKMARK [2][-]{subsection.1.4.4}{\376\377\000Q\000u\000o\000t\000a\000t\000i\000o\000n\000\040\000i\000n\000\040\000P\000y\000t\000h\000o\000n}{section.1.4}% 16
\BOOKMARK [3][-]{subsubsection.1.4.4.1}{\376\377\000E\000s\000c\000a\000p\000e\000\040\000C\000h\000a\000r\000a\000c\000t\000e\000r\000s}{subsection.1.4.4}% 17
\BOOKMARK [3][-]{subsubsection.1.4.4.2}{\376\377\000M\000u\000l\000t\000i\000-\000l\000i\000n\000e\000\040\000S\000t\000r\000i\000n\000g\000s\000\040\000i\000n\000\040\000S\000i\000n\000g\000l\000e\000\040\000o\000r\000\040\000D\000o\000u\000b\000l\000e\000\040\000Q\000u\000o\000t\000e\000s}{subsection.1.4.4}% 18
\BOOKMARK [2][-]{subsection.1.4.5}{\376\377\000C\000o\000m\000m\000e\000n\000t\000s}{section.1.4}% 19
\BOOKMARK [2][-]{subsection.1.4.6}{\376\377\000L\000i\000n\000e\000s\000\040\000a\000n\000d\000\040\000I\000n\000d\000e\000n\000t\000a\000t\000i\000o\000n}{section.1.4}% 20
\BOOKMARK [2][-]{subsection.1.4.7}{\376\377\000M\000u\000l\000t\000i\000-\000L\000i\000n\000e\000\040\000S\000t\000a\000t\000e\000m\000e\000n\000t\000s}{section.1.4}% 21
\BOOKMARK [2][-]{subsection.1.4.8}{\376\377\000D\000a\000t\000a\000\040\000T\000y\000p\000e\000s}{section.1.4}% 22
\BOOKMARK [3][-]{subsubsection.1.4.8.1}{\376\377\000I\000n\000t\000e\000g\000e\000r\000s}{subsection.1.4.8}% 23
\BOOKMARK [3][-]{subsubsection.1.4.8.2}{\376\377\000F\000l\000o\000a\000t\000s}{subsection.1.4.8}% 24
\BOOKMARK [3][-]{subsubsection.1.4.8.3}{\376\377\000S\000t\000r\000i\000n\000g\000s}{subsection.1.4.8}% 25
\BOOKMARK [3][-]{subsubsection.1.4.8.4}{\376\377\000L\000i\000s\000t\000s}{subsection.1.4.8}% 26
\BOOKMARK [3][-]{subsubsection.1.4.8.5}{\376\377\000T\000u\000p\000l\000e\000s}{subsection.1.4.8}% 27
\BOOKMARK [3][-]{subsubsection.1.4.8.6}{\376\377\000D\000i\000c\000t\000i\000o\000n\000a\000r\000y}{subsection.1.4.8}% 28
\BOOKMARK [2][-]{subsection.1.4.9}{\376\377\000C\000o\000n\000v\000e\000r\000s\000i\000o\000n\000\040\000b\000e\000t\000w\000e\000e\000n\000\040\000D\000a\000t\000a\000\040\000T\000y\000p\000e\000s}{section.1.4}% 29
\BOOKMARK [2][-]{subsection.1.4.10}{\376\377\000B\000a\000s\000i\000c\000\040\000O\000p\000e\000r\000a\000t\000o\000r\000s}{section.1.4}% 30
\BOOKMARK [3][-]{subsubsection.1.4.10.1}{\376\377\000A\000r\000i\000t\000h\000m\000e\000t\000i\000c\000\040\000O\000p\000e\000r\000a\000t\000o\000r\000s}{subsection.1.4.10}% 31
\BOOKMARK [3][-]{subsubsection.1.4.10.2}{\376\377\000C\000o\000m\000p\000a\000r\000i\000s\000o\000n\000\040\000O\000p\000e\000r\000a\000t\000o\000r\000s}{subsection.1.4.10}% 32
\BOOKMARK [3][-]{subsubsection.1.4.10.3}{\376\377\000A\000s\000s\000i\000g\000n\000m\000e\000n\000t\000\040\000O\000p\000e\000r\000a\000t\000o\000r\000s}{subsection.1.4.10}% 33
\BOOKMARK [3][-]{subsubsection.1.4.10.4}{\376\377\000L\000o\000g\000i\000c\000a\000l\000\040\000O\000p\000e\000r\000a\000t\000o\000r\000s}{subsection.1.4.10}% 34
\BOOKMARK [0][-]{chapter.2}{\376\377\000C\000o\000n\000t\000r\000o\000l\000\040\000S\000t\000a\000t\000e\000m\000e\000n\000t\000s}{}% 35
\BOOKMARK [1][-]{section.2.1}{\376\377\000I\000n\000t\000r\000o\000d\000u\000c\000t\000i\000o\000n}{chapter.2}% 36
\BOOKMARK [1][-]{section.2.2}{\376\377\000C\000o\000n\000d\000i\000t\000i\000o\000n\000a\000l\000\040\000S\000t\000a\000t\000e\000m\000e\000n\000t\000s}{chapter.2}% 37
\BOOKMARK [2][-]{subsection.2.2.1}{\376\377\000I\000f\000\040\000S\000t\000a\000t\000e\000m\000e\000n\000t}{section.2.2}% 38
\BOOKMARK [2][-]{subsection.2.2.2}{\376\377\000I\000f\000-\000E\000l\000s\000e\000\040\000S\000t\000a\000t\000e\000m\000e\000n\000t}{section.2.2}% 39
\BOOKMARK [2][-]{subsection.2.2.3}{\376\377\000I\000f\000-\000E\000l\000i\000f\000-\000E\000l\000s\000e\000\040\000S\000t\000a\000t\000e\000m\000e\000n\000t}{section.2.2}% 40
\BOOKMARK [1][-]{section.2.3}{\376\377\000L\000o\000o\000p\000i\000n\000g\000\040\000S\000t\000a\000t\000e\000m\000e\000n\000t\000s}{chapter.2}% 41
\BOOKMARK [2][-]{subsection.2.3.1}{\376\377\000F\000o\000r\000\040\000L\000o\000o\000p}{section.2.3}% 42
\BOOKMARK [2][-]{subsection.2.3.2}{\376\377\000W\000h\000i\000l\000e\000\040\000L\000o\000o\000p}{section.2.3}% 43
\BOOKMARK [2][-]{subsection.2.3.3}{\376\377\000N\000e\000s\000t\000e\000d\000\040\000L\000o\000o\000p\000s}{section.2.3}% 44
\BOOKMARK [0][-]{chapter.3}{\376\377\000F\000u\000n\000c\000t\000i\000o\000n\000s}{}% 45
\BOOKMARK [1][-]{section.3.1}{\376\377\000I\000n\000t\000r\000o\000d\000u\000c\000t\000i\000o\000n}{chapter.3}% 46
\BOOKMARK [1][-]{section.3.2}{\376\377\000D\000e\000f\000i\000n\000i\000n\000g\000\040\000F\000u\000n\000c\000t\000i\000o\000n\000s}{chapter.3}% 47
\BOOKMARK [1][-]{section.3.3}{\376\377\000C\000a\000l\000l\000i\000n\000g\000\040\000F\000u\000n\000c\000t\000i\000o\000n\000s}{chapter.3}% 48
\BOOKMARK [1][-]{section.3.4}{\376\377\000A\000r\000g\000u\000m\000e\000n\000t\000s\000\040\000a\000n\000d\000\040\000P\000a\000r\000a\000m\000e\000t\000e\000r\000s}{chapter.3}% 49
\BOOKMARK [1][-]{section.3.5}{\376\377\000R\000e\000t\000u\000r\000n\000\040\000S\000t\000a\000t\000e\000m\000e\000n\000t}{chapter.3}% 50
\BOOKMARK [1][-]{section.3.6}{\376\377\000L\000a\000m\000b\000d\000a\000\040\000F\000u\000n\000c\000t\000i\000o\000n\000s}{chapter.3}% 51
\BOOKMARK [0][-]{chapter.4}{\376\377\000F\000i\000l\000e\000\040\000H\000a\000n\000d\000l\000i\000n\000g}{}% 52
\BOOKMARK [1][-]{section.4.1}{\376\377\000I\000n\000t\000r\000o\000d\000u\000c\000t\000i\000o\000n}{chapter.4}% 53
\BOOKMARK [1][-]{section.4.2}{\376\377\000O\000p\000e\000n\000i\000n\000g\000\040\000a\000n\000d\000\040\000C\000l\000o\000s\000i\000n\000g\000\040\000F\000i\000l\000e\000s}{chapter.4}% 54
\BOOKMARK [1][-]{section.4.3}{\376\377\000R\000e\000a\000d\000i\000n\000g\000\040\000a\000n\000d\000\040\000W\000r\000i\000t\000i\000n\000g\000\040\000F\000i\000l\000e\000s}{chapter.4}% 55
\BOOKMARK [1][-]{section.4.4}{\376\377\000W\000o\000r\000k\000i\000n\000g\000\040\000w\000i\000t\000h\000\040\000D\000i\000r\000e\000c\000t\000o\000r\000i\000e\000s}{chapter.4}% 56
\BOOKMARK [1][-]{section.4.5}{\376\377\000C\000S\000V\000\040\000F\000i\000l\000e}{chapter.4}% 57
\BOOKMARK [2][-]{subsection.4.5.1}{\376\377\000R\000e\000a\000d\000i\000n\000g\000\040\000C\000S\000V\000\040\000F\000i\000l\000e\000s}{section.4.5}% 58
\BOOKMARK [2][-]{subsection.4.5.2}{\376\377\000W\000r\000i\000t\000i\000n\000g\000\040\000C\000S\000V\000\040\000F\000i\000l\000e\000s}{section.4.5}% 59
\BOOKMARK [2][-]{subsection.4.5.3}{\376\377\000C\000R\000U\000D\000\040\000O\000p\000e\000r\000a\000t\000i\000o\000n\000s\000\040\000i\000n\000\040\000C\000S\000V\000\040\000F\000i\000l\000e\000s}{section.4.5}% 60
\BOOKMARK [3][-]{subsubsection.4.5.3.1}{\376\377\000C\000r\000e\000a\000t\000e\000\040\000O\000p\000e\000r\000a\000t\000i\000o\000n}{subsection.4.5.3}% 61
\BOOKMARK [3][-]{subsubsection.4.5.3.2}{\376\377\000R\000e\000a\000d\000\040\000O\000p\000e\000r\000a\000t\000i\000o\000n}{subsection.4.5.3}% 62
\BOOKMARK [3][-]{subsubsection.4.5.3.3}{\376\377\000U\000p\000d\000a\000t\000e\000\040\000O\000p\000e\000r\000a\000t\000i\000o\000n}{subsection.4.5.3}% 63
\BOOKMARK [3][-]{subsubsection.4.5.3.4}{\376\377\000D\000e\000l\000e\000t\000e\000\040\000O\000p\000e\000r\000a\000t\000i\000o\000n}{subsection.4.5.3}% 64
\BOOKMARK [0][-]{chapter.5}{\376\377\000E\000x\000c\000e\000p\000t\000i\000o\000n\000\040\000H\000a\000n\000d\000l\000i\000n\000g}{}% 65
\BOOKMARK [1][-]{section.5.1}{\376\377\000I\000n\000t\000r\000o\000d\000u\000c\000t\000i\000o\000n}{chapter.5}% 66
\BOOKMARK [1][-]{section.5.2}{\376\377\000T\000r\000y\000-\000E\000x\000c\000e\000p\000t\000\040\000B\000l\000o\000c\000k}{chapter.5}% 67
\BOOKMARK [1][-]{section.5.3}{\376\377\000F\000i\000n\000a\000l\000l\000y\000\040\000B\000l\000o\000c\000k}{chapter.5}% 68
\BOOKMARK [1][-]{section.5.4}{\376\377\000R\000a\000i\000s\000i\000n\000g\000\040\000E\000x\000c\000e\000p\000t\000i\000o\000n\000s}{chapter.5}% 69
\BOOKMARK [1][-]{section.5.5}{\376\377\000U\000s\000e\000r\000-\000D\000e\000f\000i\000n\000e\000d\000\040\000E\000x\000c\000e\000p\000t\000i\000o\000n\000s}{chapter.5}% 70
\BOOKMARK [0][-]{chapter.6}{\376\377\000O\000b\000j\000e\000c\000t\000-\000O\000r\000i\000e\000n\000t\000e\000d\000\040\000P\000r\000o\000g\000r\000a\000m\000m\000i\000n\000g}{}% 71
\BOOKMARK [1][-]{section.6.1}{\376\377\000I\000n\000t\000r\000o\000d\000u\000c\000t\000i\000o\000n}{chapter.6}% 72
\BOOKMARK [1][-]{section.6.2}{\376\377\000C\000l\000a\000s\000s\000e\000s\000\040\000a\000n\000d\000\040\000O\000b\000j\000e\000c\000t\000s}{chapter.6}% 73
\BOOKMARK [1][-]{section.6.3}{\376\377\000I\000n\000h\000e\000r\000i\000t\000a\000n\000c\000e}{chapter.6}% 74
\BOOKMARK [1][-]{section.6.4}{\376\377\000P\000o\000l\000y\000m\000o\000r\000p\000h\000i\000s\000m}{chapter.6}% 75
\BOOKMARK [1][-]{section.6.5}{\376\377\000E\000n\000c\000a\000p\000s\000u\000l\000a\000t\000i\000o\000n}{chapter.6}% 76
\BOOKMARK [1][-]{section.6.6}{\376\377\000A\000b\000s\000t\000r\000a\000c\000t\000i\000o\000n}{chapter.6}% 77
\BOOKMARK [0][-]{chapter.7}{\376\377\000M\000o\000d\000u\000l\000e\000s\000\040\000a\000n\000d\000\040\000P\000a\000c\000k\000a\000g\000e\000s}{}% 78
\BOOKMARK [1][-]{section.7.1}{\376\377\000I\000n\000t\000r\000o\000d\000u\000c\000t\000i\000o\000n}{chapter.7}% 79
\BOOKMARK [1][-]{section.7.2}{\376\377\000C\000r\000e\000a\000t\000i\000n\000g\000\040\000M\000o\000d\000u\000l\000e\000s}{chapter.7}% 80
\BOOKMARK [1][-]{section.7.3}{\376\377\000I\000m\000p\000o\000r\000t\000i\000n\000g\000\040\000M\000o\000d\000u\000l\000e\000s}{chapter.7}% 81
\BOOKMARK [1][-]{section.7.4}{\376\377\000C\000r\000e\000a\000t\000i\000n\000g\000\040\000P\000a\000c\000k\000a\000g\000e\000s}{chapter.7}% 82
\BOOKMARK [1][-]{section.7.5}{\376\377\000I\000m\000p\000o\000r\000t\000i\000n\000g\000\040\000P\000a\000c\000k\000a\000g\000e\000s}{chapter.7}% 83
\BOOKMARK [0][-]{chapter.8}{\376\377\000R\000e\000g\000u\000l\000a\000r\000\040\000E\000x\000p\000r\000e\000s\000s\000i\000o\000n\000s}{}% 84
\BOOKMARK [1][-]{section.8.1}{\376\377\000I\000n\000t\000r\000o\000d\000u\000c\000t\000i\000o\000n}{chapter.8}% 85
\BOOKMARK [1][-]{section.8.2}{\376\377\000M\000a\000t\000c\000h\000\040\000F\000u\000n\000c\000t\000i\000o\000n}{chapter.8}% 86
\BOOKMARK [1][-]{section.8.3}{\376\377\000S\000e\000a\000r\000c\000h\000\040\000F\000u\000n\000c\000t\000i\000o\000n}{chapter.8}% 87
\BOOKMARK [1][-]{section.8.4}{\376\377\000F\000i\000n\000d\000a\000l\000l\000\040\000F\000u\000n\000c\000t\000i\000o\000n}{chapter.8}% 88
\BOOKMARK [1][-]{section.8.5}{\376\377\000S\000p\000l\000i\000t\000\040\000F\000u\000n\000c\000t\000i\000o\000n}{chapter.8}% 89
\BOOKMARK [1][-]{section.8.6}{\376\377\000S\000u\000b\000\040\000F\000u\000n\000c\000t\000i\000o\000n}{chapter.8}% 90
\BOOKMARK [0][-]{chapter.9}{\376\377\000R\000e\000f\000e\000r\000e\000n\000c\000e\000s}{}% 91
